26/5/2025 2:43:55 pm Loading extensions...
26/5/2025 2:43:55 pm Done!
26/5/2025 2:43:55 pm Creating Result Directories
26/5/2025 2:43:55 pm Start analisys...
26/5/2025 2:43:55 pm Analyzing Main MetaData...
26/5/2025 2:43:55 pm Saving Results...
26/5/2025 2:43:55 pm Saving File: InfoFile_info.json
26/5/2025 2:43:55 pm Done!!
26/5/2025 2:43:55 pm Done!
26/5/2025 2:43:55 pm Analyzing Meta files...
26/5/2025 2:43:55 pm Done!!
26/5/2025 2:44:40 pm Loading extensions...
26/5/2025 2:44:40 pm Done!
26/5/2025 2:44:40 pm Creating Result Directories
26/5/2025 2:44:40 pm Start analisys...
26/5/2025 2:44:40 pm Analyzing Main MetaData...
26/5/2025 2:44:40 pm Saving Results...
26/5/2025 2:44:40 pm Saving File: InfoFile_info.json
26/5/2025 2:44:40 pm Done!!
26/5/2025 2:44:40 pm Done!
26/5/2025 2:44:40 pm Analyzing Meta files...
26/5/2025 2:44:40 pm Done!!
